<?xml version="1.0" encoding="UTF-8" ?>
<testsuite tests="30" failures="0" name="microservices.book.MultiplicationFeatureTest" time="0.016" errors="0" skipped="0">
  <properties>
[...]
</properties>
  <testcase classname="Scenario: The user sends a first right attempt and gets a badge" name="When the user john_snow sends 1 right attempts" time="0"/>
  <testcase classname="Scenario: The user sends a first right attempt and gets a badge" name="Then the user gets a response indicating the attempt is right" time="0"/>
  <testcase classname="Scenario: The user sends a first right attempt and gets a badge" name="And the user gets 10 points for the attempt" time="0"/>
  <testcase classname="Scenario: The user sends a first right attempt and gets a badge" name="And the user gets the FIRST_WON badge" time="0"/>
  <testcase classname="Scenario: The user sends a first right attempt and gets a badge" name="Scenario: The user sends a first right attempt and gets a badge" time="0.002"/>
  <testcase classname="Scenario: The user sends a second right attempt and gets points only" name="Given the user john_snow sends 1 right attempts" time="0"/>
  <testcase classname="Scenario: The user sends a second right attempt and gets points only" name="And the user gets the FIRST_WON badge" time="0"/>
  <testcase classname="Scenario: The user sends a second right attempt and gets points only" name="When the user john_snow sends 1 right attempts" time="0"/>
  <testcase classname="Scenario: The user sends a second right attempt and gets points only" name="Then the user gets a response indicating the attempt is right" time="0"/>
  <testcase classname="Scenario: The user sends a second right attempt and gets points only" name="And the user gets 10 points for the attempt" time="0"/>
  <testcase classname="Scenario: The user sends a second right attempt and gets points only" name="And the user does not get any badge" time="0"/>
  <testcase classname="Scenario: The user sends a second right attempt and gets points only" name="Scenario: The user sends a second right attempt and gets points only" time="0.01"/>
  <testcase classname="| 9 | BRONZE_MULTIPLICATOR |" name="Given the user john_snow sends 9 right attempts" time="0"/>
  <testcase classname="| 9 | BRONZE_MULTIPLICATOR |" name="When the user john_snow sends 1 right attempts" time="0"/>
  <testcase classname="| 9 | BRONZE_MULTIPLICATOR |" name="Then the user gets a response indicating the attempt is right" time="0"/>
  <testcase classname="| 9 | BRONZE_MULTIPLICATOR |" name="And the user gets 10 points for the attempt" time="0"/>
  <testcase classname="| 9 | BRONZE_MULTIPLICATOR |" name="And the user gets the BRONZE_MULTIPLICATOR badge" time="0"/>
  <testcase classname="| 9 | BRONZE_MULTIPLICATOR |" name="| 9 | BRONZE_MULTIPLICATOR |" time="0.004"/>
  <testcase classname="| 49 | SILVER_MULTIPLICATOR |" name="Given the user john_snow sends 49 right attempts" time="0"/>
  <testcase classname="| 49 | SILVER_MULTIPLICATOR |" name="When the user john_snow sends 1 right attempts" time="0"/>
  <testcase classname="| 49 | SILVER_MULTIPLICATOR |" name="Then the user gets a response indicating the attempt is right" time="0"/>
  <testcase classname="| 49 | SILVER_MULTIPLICATOR |" name="And the user gets 10 points for the attempt" time="0"/>
  <testcase classname="| 49 | SILVER_MULTIPLICATOR |" name="And the user gets the SILVER_MULTIPLICATOR badge" time="0"/>
  <testcase classname="| 49 | SILVER_MULTIPLICATOR |" name="| 49 | SILVER_MULTIPLICATOR |" time="0"/>
  <testcase classname="| 99 | GOLD_MULTIPLICATOR |" name="Given the user john_snow sends 99 right attempts" time="0"/>
  <testcase classname="| 99 | GOLD_MULTIPLICATOR |" name="When the user john_snow sends 1 right attempts" time="0"/>
  <testcase classname="| 99 | GOLD_MULTIPLICATOR |" name="Then the user gets a response indicating the attempt is right" time="0"/>
  <testcase classname="| 99 | GOLD_MULTIPLICATOR |" name="And the user gets 10 points for the attempt" time="0"/>
  <testcase classname="| 99 | GOLD_MULTIPLICATOR |" name="And the user gets the GOLD_MULTIPLICATOR badge" time="0"/>
  <testcase classname="| 99 | GOLD_MULTIPLICATOR |" name="| 99 | GOLD_MULTIPLICATOR |" time="0"/>
</testsuite>