<?xml version="1.0" encoding="UTF-8" ?>
<testsuite tests="12" failures="0" name="microservices.book.LeaderboardFeatureTest" time="0.001" errors="0" skipped="0">
  <properties>
[...]
</properties>
  <testcase classname="Scenario: A user sends a higher number of right attempts and" name="When the user john_snow sends 2 right attempts" time="0"/>
  <testcase classname="Scenario: A user sends a higher number of right attempts and" name="And the user peter sends 1 right attempts" time="0"/>
  <testcase classname="Scenario: A user sends a higher number of right attempts and" name="Then the user john_snow is the number 1 on the leaderboard" time="0"/>
  <testcase classname="Scenario: A user sends a higher number of right attempts and" name="And the user peter is the number 2 on the leaderboard" time="0"/>
  <testcase classname="Scenario: A user sends a higher number of right attempts and" name="Scenario: A user sends a higher number of right attempts and" time="0.001"/>
  <testcase classname="Scenario: A user passes another one when gets higher score." name="Given the user john_snow sends 3 right attempts" time="0"/>
  <testcase classname="Scenario: A user passes another one when gets higher score." name="And the user peter sends 2 right attempts" time="0"/>
  <testcase classname="Scenario: A user passes another one when gets higher score." name="And the user john_snow is the number 1 on the leaderboard" time="0"/>
  <testcase classname="Scenario: A user passes another one when gets higher score." name="When the user peter sends 2 right attempts" time="0"/>
  <testcase classname="Scenario: A user passes another one when gets higher score." name="Then the user peter is the number 1 on the leaderboard" time="0"/>
  <testcase classname="Scenario: A user passes another one when gets higher score." name="And the user john_snow is the number 2 on the leaderboard" time="0"/>
  <testcase classname="Scenario: A user passes another one when gets higher score." name="Scenario: A user passes another one when gets higher score." time="0"/>
</testsuite>